TN:
SF:src\modules\orphanages\services\CreateOrphanageService.ts
FN:24,(anonymous_10)
FN:29,(anonymous_11)
FNF:2
FNH:2
FNDA:2,(anonymous_10)
FNDA:2,(anonymous_11)
DA:1,1
DA:2,1
DA:23,1
DA:26,2
DA:39,2
DA:50,2
DA:65,2
DA:69,1
DA:71,1
DA:75,1
LF:10
LH:10
BRF:0
BRH:0
end_of_record
TN:
SF:src\modules\orphanages\services\FindOneOrphanageService.ts
FN:12,(anonymous_5)
FN:17,(anonymous_6)
FNF:2
FNH:2
FNDA:2,(anonymous_5)
FNDA:2,(anonymous_6)
DA:1,1
DA:2,1
DA:11,1
DA:14,2
DA:18,2
DA:20,2
DA:21,1
DA:24,1
DA:28,1
LF:9
LH:9
BRDA:20,0,0,1
BRDA:20,0,1,1
BRF:2
BRH:2
end_of_record
TN:
SF:src\modules\orphanages\services\ListOrphanagesService.ts
FN:9,(anonymous_4)
FN:14,(anonymous_5)
FNF:2
FNH:2
FNDA:1,(anonymous_4)
FNDA:1,(anonymous_5)
DA:1,1
DA:8,1
DA:11,1
DA:15,1
DA:17,1
DA:21,1
LF:6
LH:6
BRF:0
BRH:0
end_of_record
